This file contains any messages produced by compilers while
running configure, to aid debugging if configure makes a mistake.

It was created by libAfterImage configure 1.20, which was
generated by GNU Autoconf 2.59.  Invocation command line was

  $ ./configure --prefix /Users/abhiacherjee/Documents/rootbench/root --libdir=/Users/abhiacherjee/Documents/rootbench/root/lib --with-ttf --with-ttf-includes=-I/Users/abhiacherjee/Documents/rootbench/root/FREETYPE-prefix/src/FREETYPE/include --with-afterbase=no --without-svg --disable-glx --with-builtin-ungif --with-jpeg --without-x --with-builtin-jpeg --with-png --with-builtin-png --with-tiff=no CC=/Applications/Xcode.app/Contents/Developer/Toolchains/XcodeDefault.xctoolchain/usr/bin/cc CFLAGS= -DHAVE_FREETYPE_FREETYPE -isysroot /Applications/Xcode.app/Contents/Developer/Platforms/MacOSX.platform/Developer/SDKs/MacOSX14.2.sdk

## --------- ##
## Platform. ##
## --------- ##

hostname = abhigyans-air.guest.uc.edu
uname -m = arm64
uname -r = 22.6.0
uname -s = Darwin
uname -v = Darwin Kernel Version 22.6.0: Wed Jul  5 22:17:35 PDT 2023; root:xnu-8796.141.3~6/RELEASE_ARM64_T8112

/usr/bin/uname -p = arm
/bin/uname -X     = unknown

/bin/arch              = unknown
/usr/bin/arch -k       = unknown
/usr/convex/getsysinfo = unknown
hostinfo               = Mach kernel version:
	 Darwin Kernel Version 22.6.0: Wed Jul  5 22:17:35 PDT 2023; root:xnu-8796.141.3~6/RELEASE_ARM64_T8112
Kernel configured for up to 8 processors.
8 processors are physically available.
8 processors are logically available.
Processor type: arm64e (ARM64E)
Processors active: 0 1 2 3 4 5 6 7
Primary memory available: 8.00 gigabytes
Default processor set: 423 tasks, 3009 threads, 8 processors
Load average: 113.23, Mach factor: 0.06
/bin/machine           = unknown
/usr/bin/oslevel       = unknown
/bin/universe          = unknown

PATH: /usr/local/bin
PATH: /Users/abhiacherjee/Downloads/google-cloud-sdk/bin
PATH: /opt/homebrew/bin
PATH: /opt/homebrew/sbin
PATH: /Library/Frameworks/Python.framework/Versions/3.11/bin
PATH: /usr/local/bin
PATH: /System/Cryptexes/App/usr/bin
PATH: /usr/bin
PATH: /bin
PATH: /usr/sbin
PATH: /sbin
PATH: /Library/Apple/usr/bin
PATH: /var/run/com.apple.security.cryptexd/codex.system/bootstrap/usr/local/bin
PATH: /var/run/com.apple.security.cryptexd/codex.system/bootstrap/usr/bin
PATH: /var/run/com.apple.security.cryptexd/codex.system/bootstrap/usr/appleinternal/bin
PATH: /opt/anaconda3/bin
PATH: /opt/anaconda3/condabin
PATH: /Users/abhiacherjee/Downloads/google-cloud-sdk/bin
PATH: /opt/homebrew/bin
PATH: /opt/homebrew/sbin
PATH: /Library/Frameworks/Python.framework/Versions/3.11/bin


## ----------- ##
## Core tests. ##
## ----------- ##

configure:1647: checking for gcc
configure:1673: result: /Applications/Xcode.app/Contents/Developer/Toolchains/XcodeDefault.xctoolchain/usr/bin/cc
configure:1917: checking for C compiler version
configure:1920: /Applications/Xcode.app/Contents/Developer/Toolchains/XcodeDefault.xctoolchain/usr/bin/cc --version </dev/null >&5
Apple clang version 15.0.0 (clang-1500.1.0.2.5)
Target: arm64-apple-darwin22.6.0
Thread model: posix
InstalledDir: /Applications/Xcode.app/Contents/Developer/Toolchains/XcodeDefault.xctoolchain/usr/bin
configure:1923: $? = 0
configure:1925: /Applications/Xcode.app/Contents/Developer/Toolchains/XcodeDefault.xctoolchain/usr/bin/cc -v </dev/null >&5
Apple clang version 15.0.0 (clang-1500.1.0.2.5)
Target: arm64-apple-darwin22.6.0
Thread model: posix
InstalledDir: /Applications/Xcode.app/Contents/Developer/Toolchains/XcodeDefault.xctoolchain/usr/bin
configure:1928: $? = 0
configure:1930: /Applications/Xcode.app/Contents/Developer/Toolchains/XcodeDefault.xctoolchain/usr/bin/cc -V </dev/null >&5
clang: error: argument to '-V' is missing (expected 1 value)
clang: error: no input files
configure:1933: $? = 1
configure:1956: checking for C compiler default output file name
configure:1959: /Applications/Xcode.app/Contents/Developer/Toolchains/XcodeDefault.xctoolchain/usr/bin/cc  -DHAVE_FREETYPE_FREETYPE -isysroot /Applications/Xcode.app/Contents/Developer/Platforms/MacOSX.platform/Developer/SDKs/MacOSX14.2.sdk   conftest.c  >&5
configure:1962: $? = 0
configure:2008: result: a.out
configure:2013: checking whether the C compiler works
configure:2019: ./a.out
configure:2022: $? = 0
configure:2039: result: yes
configure:2046: checking whether we are cross compiling
configure:2048: result: no
configure:2051: checking for suffix of executables
configure:2053: /Applications/Xcode.app/Contents/Developer/Toolchains/XcodeDefault.xctoolchain/usr/bin/cc -o conftest  -DHAVE_FREETYPE_FREETYPE -isysroot /Applications/Xcode.app/Contents/Developer/Platforms/MacOSX.platform/Developer/SDKs/MacOSX14.2.sdk   conftest.c  >&5
configure:2056: $? = 0
configure:2081: result: 
configure:2087: checking for suffix of object files
configure:2108: /Applications/Xcode.app/Contents/Developer/Toolchains/XcodeDefault.xctoolchain/usr/bin/cc -c  -DHAVE_FREETYPE_FREETYPE -isysroot /Applications/Xcode.app/Contents/Developer/Platforms/MacOSX.platform/Developer/SDKs/MacOSX14.2.sdk  conftest.c >&5
configure:2111: $? = 0
configure:2133: result: o
configure:2137: checking whether we are using the GNU C compiler
configure:2161: /Applications/Xcode.app/Contents/Developer/Toolchains/XcodeDefault.xctoolchain/usr/bin/cc -c  -DHAVE_FREETYPE_FREETYPE -isysroot /Applications/Xcode.app/Contents/Developer/Platforms/MacOSX.platform/Developer/SDKs/MacOSX14.2.sdk  conftest.c >&5
configure:2167: $? = 0
configure:2170: test -z 			 || test ! -s conftest.err
configure:2173: $? = 0
configure:2176: test -s conftest.o
configure:2179: $? = 0
configure:2192: result: yes
configure:2198: checking whether /Applications/Xcode.app/Contents/Developer/Toolchains/XcodeDefault.xctoolchain/usr/bin/cc accepts -g
configure:2219: /Applications/Xcode.app/Contents/Developer/Toolchains/XcodeDefault.xctoolchain/usr/bin/cc -c -g  conftest.c >&5
configure:2225: $? = 0
configure:2228: test -z 			 || test ! -s conftest.err
configure:2231: $? = 0
configure:2234: test -s conftest.o
configure:2237: $? = 0
configure:2248: result: yes
configure:2265: checking for /Applications/Xcode.app/Contents/Developer/Toolchains/XcodeDefault.xctoolchain/usr/bin/cc option to accept ANSI C
configure:2335: /Applications/Xcode.app/Contents/Developer/Toolchains/XcodeDefault.xctoolchain/usr/bin/cc  -c  -DHAVE_FREETYPE_FREETYPE -isysroot /Applications/Xcode.app/Contents/Developer/Platforms/MacOSX.platform/Developer/SDKs/MacOSX14.2.sdk  conftest.c >&5
conftest.c:16:14: warning: a function definition without a prototype is deprecated in all versions of C and is not supported in C2x [-Wdeprecated-non-prototype]
static char *e (p, i)
             ^
1 warning generated.
configure:2341: $? = 0
configure:2344: test -z 			 || test ! -s conftest.err
configure:2347: $? = 0
configure:2350: test -s conftest.o
configure:2353: $? = 0
configure:2371: result: none needed
configure:2389: /Applications/Xcode.app/Contents/Developer/Toolchains/XcodeDefault.xctoolchain/usr/bin/cc -c  -DHAVE_FREETYPE_FREETYPE -isysroot /Applications/Xcode.app/Contents/Developer/Platforms/MacOSX.platform/Developer/SDKs/MacOSX14.2.sdk  conftest.c >&5
conftest.c:2:3: error: unknown type name 'choke'
  choke me
  ^
conftest.c:2:11: error: expected ';' after top level declarator
  choke me
          ^
          ;
2 errors generated.
configure:2395: $? = 1
configure: failed program was:
| #ifndef __cplusplus
|   choke me
| #endif
configure:2525: checking whether ln -s works
configure:2529: result: yes
configure:2569: checking build system type
configure:2587: result: arm-apple-darwin22.6.0
configure:2595: checking host system type
configure:2609: result: arm-apple-darwin22.6.0
configure:2622: checking target system type
configure:2636: result: arm-apple-darwin22.6.0
configure:2767: checking for a BSD-compatible install
configure:2822: result: /usr/bin/install -c
configure:2880: checking for ranlib
configure:2896: found /usr/bin/ranlib
configure:2907: result: ranlib
configure:2921: checking for rm
configure:2939: found /bin/rm
configure:2952: result: /bin/rm
configure:2961: checking for mv
configure:2979: found /bin/mv
configure:2992: result: /bin/mv
configure:3001: checking for cp
configure:3019: found /bin/cp
configure:3032: result: /bin/cp
configure:3041: checking for mkdir
configure:3059: found /bin/mkdir
configure:3072: result: /bin/mkdir
configure:3081: checking for perl
configure:3099: found /usr/bin/perl
configure:3112: result: /usr/bin/perl
configure:3121: checking for find
configure:3139: found /usr/bin/find
configure:3152: result: /usr/bin/find
configure:3161: checking for xargs
configure:3179: found /usr/bin/xargs
configure:3192: result: /usr/bin/xargs
configure:3201: checking for ldconfig
configure:3233: result: ldconfig
configure:3257: checking for MMX support
configure:3278: /Applications/Xcode.app/Contents/Developer/Toolchains/XcodeDefault.xctoolchain/usr/bin/cc -c -O3 -DNO_DEBUG_OUTPUT -DHAVE_FREETYPE_FREETYPE -isysroot /Applications/Xcode.app/Contents/Developer/Platforms/MacOSX.platform/Developer/SDKs/MacOSX14.2.sdk -fPIC -mmmx  conftest.c >&5
clang: warning: argument unused during compilation: '-mmmx' [-Wunused-command-line-argument]
In file included from conftest.c:5:
/Applications/Xcode.app/Contents/Developer/Toolchains/XcodeDefault.xctoolchain/usr/lib/clang/15.0.0/include/mmintrin.h:14:2: error: "This header is only meant to be used on x86 and x64 architecture"
#error "This header is only meant to be used on x86 and x64 architecture"
 ^
/Applications/Xcode.app/Contents/Developer/Toolchains/XcodeDefault.xctoolchain/usr/lib/clang/15.0.0/include/mmintrin.h:54:12: error: invalid conversion between vector type '__m64' (vector of 1 'long long' value) and integer type 'int' of different size
    return (__m64)__builtin_ia32_vec_init_v2si(__i, 0);
           ^~~~~~~~~~~~~~~~~~~~~~~~~~~~~~~~~~~~~~~~~~~
/Applications/Xcode.app/Contents/Developer/Toolchains/XcodeDefault.xctoolchain/usr/lib/clang/15.0.0/include/mmintrin.h:133:12: error: invalid conversion between vector type '__m64' (vector of 1 'long long' value) and integer type 'int' of different size
    return (__m64)__builtin_ia32_packsswb((__v4hi)__m1, (__v4hi)__m2);
           ^~~~~~~~~~~~~~~~~~~~~~~~~~~~~~~~~~~~~~~~~~~~~~~~~~~~~~~~~~
/Applications/Xcode.app/Contents/Developer/Toolchains/XcodeDefault.xctoolchain/usr/lib/clang/15.0.0/include/mmintrin.h:163:12: error: invalid conversion between vector type '__m64' (vector of 1 'long long' value) and integer type 'int' of different size
    return (__m64)__builtin_ia32_packssdw((__v2si)__m1, (__v2si)__m2);
           ^~~~~~~~~~~~~~~~~~~~~~~~~~~~~~~~~~~~~~~~~~~~~~~~~~~~~~~~~~
/Applications/Xcode.app/Contents/Developer/Toolchains/XcodeDefault.xctoolchain/usr/lib/clang/15.0.0/include/mmintrin.h:193:12: error: invalid conversion between vector type '__m64' (vector of 1 'long long' value) and integer type 'int' of different size
    return (__m64)__builtin_ia32_packuswb((__v4hi)__m1, (__v4hi)__m2);
           ^~~~~~~~~~~~~~~~~~~~~~~~~~~~~~~~~~~~~~~~~~~~~~~~~~~~~~~~~~
/Applications/Xcode.app/Contents/Developer/Toolchains/XcodeDefault.xctoolchain/usr/lib/clang/15.0.0/include/mmintrin.h:220:12: error: invalid conversion between vector type '__m64' (vector of 1 'long long' value) and integer type 'int' of different size
    return (__m64)__builtin_ia32_punpckhbw((__v8qi)__m1, (__v8qi)__m2);
           ^~~~~~~~~~~~~~~~~~~~~~~~~~~~~~~~~~~~~~~~~~~~~~~~~~~~~~~~~~~
/Applications/Xcode.app/Contents/Developer/Toolchains/XcodeDefault.xctoolchain/usr/lib/clang/15.0.0/include/mmintrin.h:243:12: error: invalid conversion between vector type '__m64' (vector of 1 'long long' value) and integer type 'int' of different size
    return (__m64)__builtin_ia32_punpckhwd((__v4hi)__m1, (__v4hi)__m2);
           ^~~~~~~~~~~~~~~~~~~~~~~~~~~~~~~~~~~~~~~~~~~~~~~~~~~~~~~~~~~
/Applications/Xcode.app/Contents/Developer/Toolchains/XcodeDefault.xctoolchain/usr/lib/clang/15.0.0/include/mmintrin.h:264:12: error: invalid conversion between vector type '__m64' (vector of 1 'long long' value) and integer type 'int' of different size
    return (__m64)__builtin_ia32_punpckhdq((__v2si)__m1, (__v2si)__m2);
           ^~~~~~~~~~~~~~~~~~~~~~~~~~~~~~~~~~~~~~~~~~~~~~~~~~~~~~~~~~~
/Applications/Xcode.app/Contents/Developer/Toolchains/XcodeDefault.xctoolchain/usr/lib/clang/15.0.0/include/mmintrin.h:291:12: error: invalid conversion between vector type '__m64' (vector of 1 'long long' value) and integer type 'int' of different size
    return (__m64)__builtin_ia32_punpcklbw((__v8qi)__m1, (__v8qi)__m2);
           ^~~~~~~~~~~~~~~~~~~~~~~~~~~~~~~~~~~~~~~~~~~~~~~~~~~~~~~~~~~
/Applications/Xcode.app/Contents/Developer/Toolchains/XcodeDefault.xctoolchain/usr/lib/clang/15.0.0/include/mmintrin.h:314:12: error: invalid conversion between vector type '__m64' (vector of 1 'long long' value) and integer type 'int' of different size
    return (__m64)__builtin_ia32_punpcklwd((__v4hi)__m1, (__v4hi)__m2);
           ^~~~~~~~~~~~~~~~~~~~~~~~~~~~~~~~~~~~~~~~~~~~~~~~~~~~~~~~~~~
/Applications/Xcode.app/Contents/Developer/Toolchains/XcodeDefault.xctoolchain/usr/lib/clang/15.0.0/include/mmintrin.h:335:12: error: invalid conversion between vector type '__m64' (vector of 1 'long long' value) and integer type 'int' of different size
    return (__m64)__builtin_ia32_punpckldq((__v2si)__m1, (__v2si)__m2);
           ^~~~~~~~~~~~~~~~~~~~~~~~~~~~~~~~~~~~~~~~~~~~~~~~~~~~~~~~~~~
/Applications/Xcode.app/Contents/Developer/Toolchains/XcodeDefault.xctoolchain/usr/lib/clang/15.0.0/include/mmintrin.h:356:12: error: invalid conversion between vector type '__m64' (vector of 1 'long long' value) and integer type 'int' of different size
    return (__m64)__builtin_ia32_paddb((__v8qi)__m1, (__v8qi)__m2);
           ^~~~~~~~~~~~~~~~~~~~~~~~~~~~~~~~~~~~~~~~~~~~~~~~~~~~~~~
/Applications/Xcode.app/Contents/Developer/Toolchains/XcodeDefault.xctoolchain/usr/lib/clang/15.0.0/include/mmintrin.h:377:12: error: invalid conversion between vector type '__m64' (vector of 1 'long long' value) and integer type 'int' of different size
    return (__m64)__builtin_ia32_paddw((__v4hi)__m1, (__v4hi)__m2);
           ^~~~~~~~~~~~~~~~~~~~~~~~~~~~~~~~~~~~~~~~~~~~~~~~~~~~~~~
/Applications/Xcode.app/Contents/Developer/Toolchains/XcodeDefault.xctoolchain/usr/lib/clang/15.0.0/include/mmintrin.h:398:12: error: invalid conversion between vector type '__m64' (vector of 1 'long long' value) and integer type 'int' of different size
    return (__m64)__builtin_ia32_paddd((__v2si)__m1, (__v2si)__m2);
           ^~~~~~~~~~~~~~~~~~~~~~~~~~~~~~~~~~~~~~~~~~~~~~~~~~~~~~~
/Applications/Xcode.app/Contents/Developer/Toolchains/XcodeDefault.xctoolchain/usr/lib/clang/15.0.0/include/mmintrin.h:420:12: error: invalid conversion between vector type '__m64' (vector of 1 'long long' value) and integer type 'int' of different size
    return (__m64)__builtin_ia32_paddsb((__v8qi)__m1, (__v8qi)__m2);
           ^~~~~~~~~~~~~~~~~~~~~~~~~~~~~~~~~~~~~~~~~~~~~~~~~~~~~~~~
/Applications/Xcode.app/Contents/Developer/Toolchains/XcodeDefault.xctoolchain/usr/lib/clang/15.0.0/include/mmintrin.h:443:12: error: invalid conversion between vector type '__m64' (vector of 1 'long long' value) and integer type 'int' of different size
    return (__m64)__builtin_ia32_paddsw((__v4hi)__m1, (__v4hi)__m2);
           ^~~~~~~~~~~~~~~~~~~~~~~~~~~~~~~~~~~~~~~~~~~~~~~~~~~~~~~~
/Applications/Xcode.app/Contents/Developer/Toolchains/XcodeDefault.xctoolchain/usr/lib/clang/15.0.0/include/mmintrin.h:465:12: error: invalid conversion between vector type '__m64' (vector of 1 'long long' value) and integer type 'int' of different size
    return (__m64)__builtin_ia32_paddusb((__v8qi)__m1, (__v8qi)__m2);
           ^~~~~~~~~~~~~~~~~~~~~~~~~~~~~~~~~~~~~~~~~~~~~~~~~~~~~~~~~
/Applications/Xcode.app/Contents/Developer/Toolchains/XcodeDefault.xctoolchain/usr/lib/clang/15.0.0/include/mmintrin.h:487:12: error: invalid conversion between vector type '__m64' (vector of 1 'long long' value) and integer type 'int' of different size
    return (__m64)__builtin_ia32_paddusw((__v4hi)__m1, (__v4hi)__m2);
           ^~~~~~~~~~~~~~~~~~~~~~~~~~~~~~~~~~~~~~~~~~~~~~~~~~~~~~~~~
/Applications/Xcode.app/Contents/Developer/Toolchains/XcodeDefault.xctoolchain/usr/lib/clang/15.0.0/include/mmintrin.h:508:12: error: invalid conversion between vector type '__m64' (vector of 1 'long long' value) and integer type 'int' of different size
    return (__m64)__builtin_ia32_psubb((__v8qi)__m1, (__v8qi)__m2);
           ^~~~~~~~~~~~~~~~~~~~~~~~~~~~~~~~~~~~~~~~~~~~~~~~~~~~~~~
fatal error: too many errors emitted, stopping now [-ferror-limit=]
20 errors generated.
configure:3284: $? = 1
configure: failed program was:
| 
| #if defined(__GNUC__) && (__GNUC__ < 3 || (__GNUC__ == 3 && __GNUC_MINOR__ < 4))
| #error "Need GCC >= 3.4 for MMX intrinsics"
| #endif
| #include <mmintrin.h>
| int main () {
|     __m64 v = _mm_cvtsi32_si64 (1);
|     __m64 w = _mm_slli_si64 (v, 1);
| 	v = _mm_add_pi32 (v, w);  /* paddd */
|     v = _mm_srl_pi32 (v, w);  /* psrld */
|     return _mm_cvtsi64_si32 (v);
| }
configure:3306: result: no
configure:3329: checking how to run the C preprocessor
configure:3364: /Applications/Xcode.app/Contents/Developer/Toolchains/XcodeDefault.xctoolchain/usr/bin/cc -E  conftest.c
configure:3370: $? = 0
configure:3402: /Applications/Xcode.app/Contents/Developer/Toolchains/XcodeDefault.xctoolchain/usr/bin/cc -E  conftest.c
conftest.c:9:10: fatal error: 'ac_nonexistent.h' file not found
#include <ac_nonexistent.h>
         ^~~~~~~~~~~~~~~~~~
1 error generated.
configure:3408: $? = 1
configure: failed program was:
| /* confdefs.h.  */
| 
| #define PACKAGE_NAME "libAfterImage"
| #define PACKAGE_TARNAME "libAfterImage.tar"
| #define PACKAGE_VERSION "1.20"
| #define PACKAGE_STRING "libAfterImage 1.20"
| #define PACKAGE_BUGREPORT "as-bugs@afterstep.org"
| /* end confdefs.h.  */
| #include <ac_nonexistent.h>
configure:3447: result: /Applications/Xcode.app/Contents/Developer/Toolchains/XcodeDefault.xctoolchain/usr/bin/cc -E
configure:3471: /Applications/Xcode.app/Contents/Developer/Toolchains/XcodeDefault.xctoolchain/usr/bin/cc -E  conftest.c
configure:3477: $? = 0
configure:3509: /Applications/Xcode.app/Contents/Developer/Toolchains/XcodeDefault.xctoolchain/usr/bin/cc -E  conftest.c
conftest.c:9:10: fatal error: 'ac_nonexistent.h' file not found
#include <ac_nonexistent.h>
         ^~~~~~~~~~~~~~~~~~
1 error generated.
configure:3515: $? = 1
configure: failed program was:
| /* confdefs.h.  */
| 
| #define PACKAGE_NAME "libAfterImage"
| #define PACKAGE_TARNAME "libAfterImage.tar"
| #define PACKAGE_VERSION "1.20"
| #define PACKAGE_STRING "libAfterImage 1.20"
| #define PACKAGE_BUGREPORT "as-bugs@afterstep.org"
| /* end confdefs.h.  */
| #include <ac_nonexistent.h>
configure:3561: checking for X
configure:3781: result: disabled
configure:5030: checking whether byte ordering is bigendian
configure:5057: /Applications/Xcode.app/Contents/Developer/Toolchains/XcodeDefault.xctoolchain/usr/bin/cc -c -O3 -DNO_DEBUG_OUTPUT -DHAVE_FREETYPE_FREETYPE -isysroot /Applications/Xcode.app/Contents/Developer/Platforms/MacOSX.platform/Developer/SDKs/MacOSX14.2.sdk -fPIC  conftest.c >&5
configure:5063: $? = 0
configure:5066: test -z 			 || test ! -s conftest.err
configure:5069: $? = 0
configure:5072: test -s conftest.o
configure:5075: $? = 0
configure:5099: /Applications/Xcode.app/Contents/Developer/Toolchains/XcodeDefault.xctoolchain/usr/bin/cc -c -O3 -DNO_DEBUG_OUTPUT -DHAVE_FREETYPE_FREETYPE -isysroot /Applications/Xcode.app/Contents/Developer/Platforms/MacOSX.platform/Developer/SDKs/MacOSX14.2.sdk -fPIC  conftest.c >&5
conftest.c:17:2: error: use of undeclared identifier 'not'
 not big endian
 ^
1 error generated.
configure:5105: $? = 1
configure: failed program was:
| /* confdefs.h.  */
| 
| #define PACKAGE_NAME "libAfterImage"
| #define PACKAGE_TARNAME "libAfterImage.tar"
| #define PACKAGE_VERSION "1.20"
| #define PACKAGE_STRING "libAfterImage 1.20"
| #define PACKAGE_BUGREPORT "as-bugs@afterstep.org"
| #define X_DISPLAY_MISSING 1
| /* end confdefs.h.  */
| #include <sys/types.h>
| #include <sys/param.h>
| 
| int
| main ()
| {
| #if BYTE_ORDER != BIG_ENDIAN
|  not big endian
| #endif
| 
|   ;
|   return 0;
| }
configure:5238: result: no
configure:5257: checking for inline
configure:5278: /Applications/Xcode.app/Contents/Developer/Toolchains/XcodeDefault.xctoolchain/usr/bin/cc -c -O3 -DNO_DEBUG_OUTPUT -DHAVE_FREETYPE_FREETYPE -isysroot /Applications/Xcode.app/Contents/Developer/Platforms/MacOSX.platform/Developer/SDKs/MacOSX14.2.sdk -fPIC  conftest.c >&5
configure:5284: $? = 0
configure:5287: test -z 			 || test ! -s conftest.err
configure:5290: $? = 0
configure:5293: test -s conftest.o
configure:5296: $? = 0
configure:5308: result: inline
configure:5327: checking for egrep
configure:5337: result: grep -E
configure:5342: checking for ANSI C header files
configure:5367: /Applications/Xcode.app/Contents/Developer/Toolchains/XcodeDefault.xctoolchain/usr/bin/cc -c -O3 -DNO_DEBUG_OUTPUT -DHAVE_FREETYPE_FREETYPE -isysroot /Applications/Xcode.app/Contents/Developer/Platforms/MacOSX.platform/Developer/SDKs/MacOSX14.2.sdk -fPIC  conftest.c >&5
configure:5373: $? = 0
configure:5376: test -z 			 || test ! -s conftest.err
configure:5379: $? = 0
configure:5382: test -s conftest.o
configure:5385: $? = 0
conftest.c:10:10: fatal error: 'string.h' file not found
#include <string.h>
         ^~~~~~~~~~
1 error generated.
configure:5497: result: no
configure:5521: checking for sys/types.h
configure:5537: /Applications/Xcode.app/Contents/Developer/Toolchains/XcodeDefault.xctoolchain/usr/bin/cc -c -O3 -DNO_DEBUG_OUTPUT -DHAVE_FREETYPE_FREETYPE -isysroot /Applications/Xcode.app/Contents/Developer/Platforms/MacOSX.platform/Developer/SDKs/MacOSX14.2.sdk -fPIC  conftest.c >&5
configure:5543: $? = 0
configure:5546: test -z 			 || test ! -s conftest.err
configure:5549: $? = 0
configure:5552: test -s conftest.o
configure:5555: $? = 0
configure:5566: result: yes
configure:5521: checking for sys/stat.h
configure:5537: /Applications/Xcode.app/Contents/Developer/Toolchains/XcodeDefault.xctoolchain/usr/bin/cc -c -O3 -DNO_DEBUG_OUTPUT -DHAVE_FREETYPE_FREETYPE -isysroot /Applications/Xcode.app/Contents/Developer/Platforms/MacOSX.platform/Developer/SDKs/MacOSX14.2.sdk -fPIC  conftest.c >&5
configure:5543: $? = 0
configure:5546: test -z 			 || test ! -s conftest.err
configure:5549: $? = 0
configure:5552: test -s conftest.o
configure:5555: $? = 0
configure:5566: result: yes
configure:5521: checking for stdlib.h
configure:5537: /Applications/Xcode.app/Contents/Developer/Toolchains/XcodeDefault.xctoolchain/usr/bin/cc -c -O3 -DNO_DEBUG_OUTPUT -DHAVE_FREETYPE_FREETYPE -isysroot /Applications/Xcode.app/Contents/Developer/Platforms/MacOSX.platform/Developer/SDKs/MacOSX14.2.sdk -fPIC  conftest.c >&5
configure:5543: $? = 0
configure:5546: test -z 			 || test ! -s conftest.err
configure:5549: $? = 0
configure:5552: test -s conftest.o
configure:5555: $? = 0
configure:5566: result: yes
configure:5521: checking for string.h
configure:5537: /Applications/Xcode.app/Contents/Developer/Toolchains/XcodeDefault.xctoolchain/usr/bin/cc -c -O3 -DNO_DEBUG_OUTPUT -DHAVE_FREETYPE_FREETYPE -isysroot /Applications/Xcode.app/Contents/Developer/Platforms/MacOSX.platform/Developer/SDKs/MacOSX14.2.sdk -fPIC  conftest.c >&5
configure:5543: $? = 0
configure:5546: test -z 			 || test ! -s conftest.err
configure:5549: $? = 0
configure:5552: test -s conftest.o
configure:5555: $? = 0
configure:5566: result: yes
configure:5521: checking for memory.h
configure:5537: /Applications/Xcode.app/Contents/Developer/Toolchains/XcodeDefault.xctoolchain/usr/bin/cc -c -O3 -DNO_DEBUG_OUTPUT -DHAVE_FREETYPE_FREETYPE -isysroot /Applications/Xcode.app/Contents/Developer/Platforms/MacOSX.platform/Developer/SDKs/MacOSX14.2.sdk -fPIC  conftest.c >&5
configure:5543: $? = 0
configure:5546: test -z 			 || test ! -s conftest.err
configure:5549: $? = 0
configure:5552: test -s conftest.o
configure:5555: $? = 0
configure:5566: result: yes
configure:5521: checking for strings.h
configure:5537: /Applications/Xcode.app/Contents/Developer/Toolchains/XcodeDefault.xctoolchain/usr/bin/cc -c -O3 -DNO_DEBUG_OUTPUT -DHAVE_FREETYPE_FREETYPE -isysroot /Applications/Xcode.app/Contents/Developer/Platforms/MacOSX.platform/Developer/SDKs/MacOSX14.2.sdk -fPIC  conftest.c >&5
configure:5543: $? = 0
configure:5546: test -z 			 || test ! -s conftest.err
configure:5549: $? = 0
configure:5552: test -s conftest.o
configure:5555: $? = 0
configure:5566: result: yes
configure:5521: checking for inttypes.h
configure:5537: /Applications/Xcode.app/Contents/Developer/Toolchains/XcodeDefault.xctoolchain/usr/bin/cc -c -O3 -DNO_DEBUG_OUTPUT -DHAVE_FREETYPE_FREETYPE -isysroot /Applications/Xcode.app/Contents/Developer/Platforms/MacOSX.platform/Developer/SDKs/MacOSX14.2.sdk -fPIC  conftest.c >&5
configure:5543: $? = 0
configure:5546: test -z 			 || test ! -s conftest.err
configure:5549: $? = 0
configure:5552: test -s conftest.o
configure:5555: $? = 0
configure:5566: result: yes
configure:5521: checking for stdint.h
configure:5537: /Applications/Xcode.app/Contents/Developer/Toolchains/XcodeDefault.xctoolchain/usr/bin/cc -c -O3 -DNO_DEBUG_OUTPUT -DHAVE_FREETYPE_FREETYPE -isysroot /Applications/Xcode.app/Contents/Developer/Platforms/MacOSX.platform/Developer/SDKs/MacOSX14.2.sdk -fPIC  conftest.c >&5
configure:5543: $? = 0
configure:5546: test -z 			 || test ! -s conftest.err
configure:5549: $? = 0
configure:5552: test -s conftest.o
configure:5555: $? = 0
configure:5566: result: yes
configure:5521: checking for unistd.h
configure:5537: /Applications/Xcode.app/Contents/Developer/Toolchains/XcodeDefault.xctoolchain/usr/bin/cc -c -O3 -DNO_DEBUG_OUTPUT -DHAVE_FREETYPE_FREETYPE -isysroot /Applications/Xcode.app/Contents/Developer/Platforms/MacOSX.platform/Developer/SDKs/MacOSX14.2.sdk -fPIC  conftest.c >&5
configure:5543: $? = 0
configure:5546: test -z 			 || test ! -s conftest.err
configure:5549: $? = 0
configure:5552: test -s conftest.o
configure:5555: $? = 0
configure:5566: result: yes
configure:5578: checking for long long
configure:5602: /Applications/Xcode.app/Contents/Developer/Toolchains/XcodeDefault.xctoolchain/usr/bin/cc -c -O3 -DNO_DEBUG_OUTPUT -DHAVE_FREETYPE_FREETYPE -isysroot /Applications/Xcode.app/Contents/Developer/Platforms/MacOSX.platform/Developer/SDKs/MacOSX14.2.sdk -fPIC  conftest.c >&5
configure:5608: $? = 0
configure:5611: test -z 			 || test ! -s conftest.err
configure:5614: $? = 0
configure:5617: test -s conftest.o
configure:5620: $? = 0
configure:5631: result: yes
configure:5643: checking whether time.h and sys/time.h may both be included
configure:5668: /Applications/Xcode.app/Contents/Developer/Toolchains/XcodeDefault.xctoolchain/usr/bin/cc -c -O3 -DNO_DEBUG_OUTPUT -DHAVE_FREETYPE_FREETYPE -isysroot /Applications/Xcode.app/Contents/Developer/Platforms/MacOSX.platform/Developer/SDKs/MacOSX14.2.sdk -fPIC  conftest.c >&5
configure:5674: $? = 0
configure:5677: test -z 			 || test ! -s conftest.err
configure:5680: $? = 0
configure:5683: test -s conftest.o
configure:5686: $? = 0
configure:5697: result: yes
configure:5728: checking sys/wait.h usability
configure:5740: /Applications/Xcode.app/Contents/Developer/Toolchains/XcodeDefault.xctoolchain/usr/bin/cc -c -O3 -DNO_DEBUG_OUTPUT -DHAVE_FREETYPE_FREETYPE -isysroot /Applications/Xcode.app/Contents/Developer/Platforms/MacOSX.platform/Developer/SDKs/MacOSX14.2.sdk -fPIC  conftest.c >&5
configure:5746: $? = 0
configure:5749: test -z 			 || test ! -s conftest.err
configure:5752: $? = 0
configure:5755: test -s conftest.o
configure:5758: $? = 0
configure:5768: result: yes
configure:5772: checking sys/wait.h presence
configure:5782: /Applications/Xcode.app/Contents/Developer/Toolchains/XcodeDefault.xctoolchain/usr/bin/cc -E  conftest.c
conftest.c:21:10: fatal error: 'sys/wait.h' file not found
#include <sys/wait.h>
         ^~~~~~~~~~~~
1 error generated.
configure:5788: $? = 1
configure: failed program was:
| /* confdefs.h.  */
| 
| #define PACKAGE_NAME "libAfterImage"
| #define PACKAGE_TARNAME "libAfterImage.tar"
| #define PACKAGE_VERSION "1.20"
| #define PACKAGE_STRING "libAfterImage 1.20"
| #define PACKAGE_BUGREPORT "as-bugs@afterstep.org"
| #define X_DISPLAY_MISSING 1
| #define HAVE_SYS_TYPES_H 1
| #define HAVE_SYS_STAT_H 1
| #define HAVE_STDLIB_H 1
| #define HAVE_STRING_H 1
| #define HAVE_MEMORY_H 1
| #define HAVE_STRINGS_H 1
| #define HAVE_INTTYPES_H 1
| #define HAVE_STDINT_H 1
| #define HAVE_UNISTD_H 1
| #define HAVE_LONG_LONG 1
| #define TIME_WITH_SYS_TIME 1
| /* end confdefs.h.  */
| #include <sys/wait.h>
configure:5808: result: no
configure:5814: WARNING: sys/wait.h: accepted by the compiler, rejected by the preprocessor!
configure:5816: WARNING: sys/wait.h: proceeding with the compiler's result
configure:5843: checking for sys/wait.h
configure:5850: result: yes
configure:5728: checking sys/time.h usability
configure:5740: /Applications/Xcode.app/Contents/Developer/Toolchains/XcodeDefault.xctoolchain/usr/bin/cc -c -O3 -DNO_DEBUG_OUTPUT -DHAVE_FREETYPE_FREETYPE -isysroot /Applications/Xcode.app/Contents/Developer/Platforms/MacOSX.platform/Developer/SDKs/MacOSX14.2.sdk -fPIC  conftest.c >&5
configure:5746: $? = 0
configure:5749: test -z 			 || test ! -s conftest.err
configure:5752: $? = 0
configure:5755: test -s conftest.o
configure:5758: $? = 0
configure:5768: result: yes
configure:5772: checking sys/time.h presence
configure:5782: /Applications/Xcode.app/Contents/Developer/Toolchains/XcodeDefault.xctoolchain/usr/bin/cc -E  conftest.c
conftest.c:22:10: fatal error: 'sys/time.h' file not found
#include <sys/time.h>
         ^~~~~~~~~~~~
1 error generated.
configure:5788: $? = 1
configure: failed program was:
| /* confdefs.h.  */
| 
| #define PACKAGE_NAME "libAfterImage"
| #define PACKAGE_TARNAME "libAfterImage.tar"
| #define PACKAGE_VERSION "1.20"
| #define PACKAGE_STRING "libAfterImage 1.20"
| #define PACKAGE_BUGREPORT "as-bugs@afterstep.org"
| #define X_DISPLAY_MISSING 1
| #define HAVE_SYS_TYPES_H 1
| #define HAVE_SYS_STAT_H 1
| #define HAVE_STDLIB_H 1
| #define HAVE_STRING_H 1
| #define HAVE_MEMORY_H 1
| #define HAVE_STRINGS_H 1
| #define HAVE_INTTYPES_H 1
| #define HAVE_STDINT_H 1
| #define HAVE_UNISTD_H 1
| #define HAVE_LONG_LONG 1
| #define TIME_WITH_SYS_TIME 1
| #define HAVE_SYS_WAIT_H 1
| /* end confdefs.h.  */
| #include <sys/time.h>
configure:5808: result: no
configure:5814: WARNING: sys/time.h: accepted by the compiler, rejected by the preprocessor!
configure:5816: WARNING: sys/time.h: proceeding with the compiler's result
configure:5843: checking for sys/time.h
configure:5850: result: yes
configure:5728: checking malloc.h usability
configure:5740: /Applications/Xcode.app/Contents/Developer/Toolchains/XcodeDefault.xctoolchain/usr/bin/cc -c -O3 -DNO_DEBUG_OUTPUT -DHAVE_FREETYPE_FREETYPE -isysroot /Applications/Xcode.app/Contents/Developer/Platforms/MacOSX.platform/Developer/SDKs/MacOSX14.2.sdk -fPIC  conftest.c >&5
conftest.c:57:10: fatal error: 'malloc.h' file not found
#include <malloc.h>
         ^~~~~~~~~~
1 error generated.
configure:5746: $? = 1
configure: failed program was:
| /* confdefs.h.  */
| 
| #define PACKAGE_NAME "libAfterImage"
| #define PACKAGE_TARNAME "libAfterImage.tar"
| #define PACKAGE_VERSION "1.20"
| #define PACKAGE_STRING "libAfterImage 1.20"
| #define PACKAGE_BUGREPORT "as-bugs@afterstep.org"
| #define X_DISPLAY_MISSING 1
| #define HAVE_SYS_TYPES_H 1
| #define HAVE_SYS_STAT_H 1
| #define HAVE_STDLIB_H 1
| #define HAVE_STRING_H 1
| #define HAVE_MEMORY_H 1
| #define HAVE_STRINGS_H 1
| #define HAVE_INTTYPES_H 1
| #define HAVE_STDINT_H 1
| #define HAVE_UNISTD_H 1
| #define HAVE_LONG_LONG 1
| #define TIME_WITH_SYS_TIME 1
| #define HAVE_SYS_WAIT_H 1
| #define HAVE_SYS_TIME_H 1
| /* end confdefs.h.  */
| #include <stdio.h>
| #if HAVE_SYS_TYPES_H
| # include <sys/types.h>
| #endif
| #if HAVE_SYS_STAT_H
| # include <sys/stat.h>
| #endif
| #if STDC_HEADERS
| # include <stdlib.h>
| # include <stddef.h>
| #else
| # if HAVE_STDLIB_H
| #  include <stdlib.h>
| # endif
| #endif
| #if HAVE_STRING_H
| # if !STDC_HEADERS && HAVE_MEMORY_H
| #  include <memory.h>
| # endif
| # include <string.h>
| #endif
| #if HAVE_STRINGS_H
| # include <strings.h>
| #endif
| #if HAVE_INTTYPES_H
| # include <inttypes.h>
| #else
| # if HAVE_STDINT_H
| #  include <stdint.h>
| # endif
| #endif
| #if HAVE_UNISTD_H
| # include <unistd.h>
| #endif
| #include <malloc.h>
configure:5768: result: no
configure:5772: checking malloc.h presence
configure:5782: /Applications/Xcode.app/Contents/Developer/Toolchains/XcodeDefault.xctoolchain/usr/bin/cc -E  conftest.c
conftest.c:23:10: fatal error: 'malloc.h' file not found
#include <malloc.h>
         ^~~~~~~~~~
1 error generated.
configure:5788: $? = 1
configure: failed program was:
| /* confdefs.h.  */
| 
| #define PACKAGE_NAME "libAfterImage"
| #define PACKAGE_TARNAME "libAfterImage.tar"
| #define PACKAGE_VERSION "1.20"
| #define PACKAGE_STRING "libAfterImage 1.20"
| #define PACKAGE_BUGREPORT "as-bugs@afterstep.org"
| #define X_DISPLAY_MISSING 1
| #define HAVE_SYS_TYPES_H 1
| #define HAVE_SYS_STAT_H 1
| #define HAVE_STDLIB_H 1
| #define HAVE_STRING_H 1
| #define HAVE_MEMORY_H 1
| #define HAVE_STRINGS_H 1
| #define HAVE_INTTYPES_H 1
| #define HAVE_STDINT_H 1
| #define HAVE_UNISTD_H 1
| #define HAVE_LONG_LONG 1
| #define TIME_WITH_SYS_TIME 1
| #define HAVE_SYS_WAIT_H 1
| #define HAVE_SYS_TIME_H 1
| /* end confdefs.h.  */
| #include <malloc.h>
configure:5808: result: no
configure:5843: checking for malloc.h
configure:5850: result: no
configure:5719: checking for stdlib.h
configure:5724: result: yes
configure:5719: checking for unistd.h
configure:5724: result: yes
configure:5728: checking stddef.h usability
configure:5740: /Applications/Xcode.app/Contents/Developer/Toolchains/XcodeDefault.xctoolchain/usr/bin/cc -c -O3 -DNO_DEBUG_OUTPUT -DHAVE_FREETYPE_FREETYPE -isysroot /Applications/Xcode.app/Contents/Developer/Platforms/MacOSX.platform/Developer/SDKs/MacOSX14.2.sdk -fPIC  conftest.c >&5
configure:5746: $? = 0
configure:5749: test -z 			 || test ! -s conftest.err
configure:5752: $? = 0
configure:5755: test -s conftest.o
configure:5758: $? = 0
configure:5768: result: yes
configure:5772: checking stddef.h presence
configure:5782: /Applications/Xcode.app/Contents/Developer/Toolchains/XcodeDefault.xctoolchain/usr/bin/cc -E  conftest.c
configure:5788: $? = 0
configure:5808: result: yes
configure:5843: checking for stddef.h
configure:5850: result: yes
configure:5728: checking stdarg.h usability
configure:5740: /Applications/Xcode.app/Contents/Developer/Toolchains/XcodeDefault.xctoolchain/usr/bin/cc -c -O3 -DNO_DEBUG_OUTPUT -DHAVE_FREETYPE_FREETYPE -isysroot /Applications/Xcode.app/Contents/Developer/Platforms/MacOSX.platform/Developer/SDKs/MacOSX14.2.sdk -fPIC  conftest.c >&5
configure:5746: $? = 0
configure:5749: test -z 			 || test ! -s conftest.err
configure:5752: $? = 0
configure:5755: test -s conftest.o
configure:5758: $? = 0
configure:5768: result: yes
configure:5772: checking stdarg.h presence
configure:5782: /Applications/Xcode.app/Contents/Developer/Toolchains/XcodeDefault.xctoolchain/usr/bin/cc -E  conftest.c
configure:5788: $? = 0
configure:5808: result: yes
configure:5843: checking for stdarg.h
configure:5850: result: yes
configure:5728: checking errno.h usability
configure:5740: /Applications/Xcode.app/Contents/Developer/Toolchains/XcodeDefault.xctoolchain/usr/bin/cc -c -O3 -DNO_DEBUG_OUTPUT -DHAVE_FREETYPE_FREETYPE -isysroot /Applications/Xcode.app/Contents/Developer/Platforms/MacOSX.platform/Developer/SDKs/MacOSX14.2.sdk -fPIC  conftest.c >&5
configure:5746: $? = 0
configure:5749: test -z 			 || test ! -s conftest.err
configure:5752: $? = 0
configure:5755: test -s conftest.o
configure:5758: $? = 0
configure:5768: result: yes
configure:5772: checking errno.h presence
configure:5782: /Applications/Xcode.app/Contents/Developer/Toolchains/XcodeDefault.xctoolchain/usr/bin/cc -E  conftest.c
conftest.c:27:10: fatal error: 'errno.h' file not found
#include <errno.h>
         ^~~~~~~~~
1 error generated.
configure:5788: $? = 1
configure: failed program was:
| /* confdefs.h.  */
| 
| #define PACKAGE_NAME "libAfterImage"
| #define PACKAGE_TARNAME "libAfterImage.tar"
| #define PACKAGE_VERSION "1.20"
| #define PACKAGE_STRING "libAfterImage 1.20"
| #define PACKAGE_BUGREPORT "as-bugs@afterstep.org"
| #define X_DISPLAY_MISSING 1
| #define HAVE_SYS_TYPES_H 1
| #define HAVE_SYS_STAT_H 1
| #define HAVE_STDLIB_H 1
| #define HAVE_STRING_H 1
| #define HAVE_MEMORY_H 1
| #define HAVE_STRINGS_H 1
| #define HAVE_INTTYPES_H 1
| #define HAVE_STDINT_H 1
| #define HAVE_UNISTD_H 1
| #define HAVE_LONG_LONG 1
| #define TIME_WITH_SYS_TIME 1
| #define HAVE_SYS_WAIT_H 1
| #define HAVE_SYS_TIME_H 1
| #define HAVE_STDLIB_H 1
| #define HAVE_UNISTD_H 1
| #define HAVE_STDDEF_H 1
| #define HAVE_STDARG_H 1
| /* end confdefs.h.  */
| #include <errno.h>
configure:5808: result: no
configure:5814: WARNING: errno.h: accepted by the compiler, rejected by the preprocessor!
configure:5816: WARNING: errno.h: proceeding with the compiler's result
configure:5843: checking for errno.h
configure:5850: result: yes
configure:6236: checking for XShapeCombineMask in -lXext
configure:6266: /Applications/Xcode.app/Contents/Developer/Toolchains/XcodeDefault.xctoolchain/usr/bin/cc -o conftest -O3 -DNO_DEBUG_OUTPUT -DHAVE_FREETYPE_FREETYPE -isysroot /Applications/Xcode.app/Contents/Developer/Platforms/MacOSX.platform/Developer/SDKs/MacOSX14.2.sdk -fPIC   conftest.c -lXext   >&5
ld: library 'Xext' not found
clang: error: linker command failed with exit code 1 (use -v to see invocation)
configure:6272: $? = 1
configure: failed program was:
| /* confdefs.h.  */
| 
| #define PACKAGE_NAME "libAfterImage"
| #define PACKAGE_TARNAME "libAfterImage.tar"
| #define PACKAGE_VERSION "1.20"
| #define PACKAGE_STRING "libAfterImage 1.20"
| #define PACKAGE_BUGREPORT "as-bugs@afterstep.org"
| #define X_DISPLAY_MISSING 1
| #define HAVE_SYS_TYPES_H 1
| #define HAVE_SYS_STAT_H 1
| #define HAVE_STDLIB_H 1
| #define HAVE_STRING_H 1
| #define HAVE_MEMORY_H 1
| #define HAVE_STRINGS_H 1
| #define HAVE_INTTYPES_H 1
| #define HAVE_STDINT_H 1
| #define HAVE_UNISTD_H 1
| #define HAVE_LONG_LONG 1
| #define TIME_WITH_SYS_TIME 1
| #define HAVE_SYS_WAIT_H 1
| #define HAVE_SYS_TIME_H 1
| #define HAVE_STDLIB_H 1
| #define HAVE_UNISTD_H 1
| #define HAVE_STDDEF_H 1
| #define HAVE_STDARG_H 1
| #define HAVE_ERRNO_H 1
| /* end confdefs.h.  */
| 
| /* Override any gcc2 internal prototype to avoid an error.  */
| #ifdef __cplusplus
| extern "C"
| #endif
| /* We use char because int might match the return type of a gcc2
|    builtin and then its argument prototype would still apply.  */
| char XShapeCombineMask ();
| int
| main ()
| {
| XShapeCombineMask ();
|   ;
|   return 0;
| }
configure:6297: result: no
configure:6888: checking built-in JPEG library
configure:6902: result: yes
configure:6918: checking for unsigned char
configure:6942: /Applications/Xcode.app/Contents/Developer/Toolchains/XcodeDefault.xctoolchain/usr/bin/cc -c -O3 -DNO_DEBUG_OUTPUT -DHAVE_FREETYPE_FREETYPE -isysroot /Applications/Xcode.app/Contents/Developer/Platforms/MacOSX.platform/Developer/SDKs/MacOSX14.2.sdk -fPIC  conftest.c >&5
configure:6948: $? = 0
configure:6951: test -z 			 || test ! -s conftest.err
configure:6954: $? = 0
configure:6957: test -s conftest.o
configure:6960: $? = 0
configure:6971: result: yes
configure:6974: checking for unsigned short
configure:6998: /Applications/Xcode.app/Contents/Developer/Toolchains/XcodeDefault.xctoolchain/usr/bin/cc -c -O3 -DNO_DEBUG_OUTPUT -DHAVE_FREETYPE_FREETYPE -isysroot /Applications/Xcode.app/Contents/Developer/Platforms/MacOSX.platform/Developer/SDKs/MacOSX14.2.sdk -fPIC  conftest.c >&5
configure:7004: $? = 0
configure:7007: test -z 			 || test ! -s conftest.err
configure:7010: $? = 0
configure:7013: test -s conftest.o
configure:7016: $? = 0
configure:7027: result: yes
configure:7030: checking for an ANSI C-conforming const
configure:7097: /Applications/Xcode.app/Contents/Developer/Toolchains/XcodeDefault.xctoolchain/usr/bin/cc -c -O3 -DNO_DEBUG_OUTPUT -DHAVE_FREETYPE_FREETYPE -isysroot /Applications/Xcode.app/Contents/Developer/Platforms/MacOSX.platform/Developer/SDKs/MacOSX14.2.sdk -fPIC  conftest.c >&5
configure:7103: $? = 0
configure:7106: test -z 			 || test ! -s conftest.err
configure:7109: $? = 0
configure:7112: test -s conftest.o
configure:7115: $? = 0
configure:7126: result: yes
configure:7137: checking whether char is unsigned
configure:7160: /Applications/Xcode.app/Contents/Developer/Toolchains/XcodeDefault.xctoolchain/usr/bin/cc -c -O3 -DNO_DEBUG_OUTPUT -DHAVE_FREETYPE_FREETYPE -isysroot /Applications/Xcode.app/Contents/Developer/Platforms/MacOSX.platform/Developer/SDKs/MacOSX14.2.sdk -fPIC  conftest.c >&5
configure:7166: $? = 0
configure:7169: test -z 			 || test ! -s conftest.err
configure:7172: $? = 0
configure:7175: test -s conftest.o
configure:7178: $? = 0
configure:7189: result: no
configure:7375: checking zlib.h usability
configure:7387: /Applications/Xcode.app/Contents/Developer/Toolchains/XcodeDefault.xctoolchain/usr/bin/cc -c -O3 -DNO_DEBUG_OUTPUT -DHAVE_FREETYPE_FREETYPE -isysroot /Applications/Xcode.app/Contents/Developer/Platforms/MacOSX.platform/Developer/SDKs/MacOSX14.2.sdk -fPIC  conftest.c >&5
configure:7393: $? = 0
configure:7396: test -z 			 || test ! -s conftest.err
configure:7399: $? = 0
configure:7402: test -s conftest.o
configure:7405: $? = 0
configure:7415: result: yes
configure:7419: checking zlib.h presence
configure:7429: /Applications/Xcode.app/Contents/Developer/Toolchains/XcodeDefault.xctoolchain/usr/bin/cc -E  conftest.c
conftest.c:32:10: fatal error: 'zlib.h' file not found
#include <zlib.h>
         ^~~~~~~~
1 error generated.
configure:7435: $? = 1
configure: failed program was:
| /* confdefs.h.  */
| 
| #define PACKAGE_NAME "libAfterImage"
| #define PACKAGE_TARNAME "libAfterImage.tar"
| #define PACKAGE_VERSION "1.20"
| #define PACKAGE_STRING "libAfterImage 1.20"
| #define PACKAGE_BUGREPORT "as-bugs@afterstep.org"
| #define X_DISPLAY_MISSING 1
| #define HAVE_SYS_TYPES_H 1
| #define HAVE_SYS_STAT_H 1
| #define HAVE_STDLIB_H 1
| #define HAVE_STRING_H 1
| #define HAVE_MEMORY_H 1
| #define HAVE_STRINGS_H 1
| #define HAVE_INTTYPES_H 1
| #define HAVE_STDINT_H 1
| #define HAVE_UNISTD_H 1
| #define HAVE_LONG_LONG 1
| #define TIME_WITH_SYS_TIME 1
| #define HAVE_SYS_WAIT_H 1
| #define HAVE_SYS_TIME_H 1
| #define HAVE_STDLIB_H 1
| #define HAVE_UNISTD_H 1
| #define HAVE_STDDEF_H 1
| #define HAVE_STDARG_H 1
| #define HAVE_ERRNO_H 1
| #define HAVE_XPM 1
| #define HAVE_JPEG 1
| #define HAVE_BUILTIN_JPEG 1
| #define HAVE_PROTOTYPES 1
| /* end confdefs.h.  */
| #include <zlib.h>
configure:7455: result: no
configure:7461: WARNING: zlib.h: accepted by the compiler, rejected by the preprocessor!
configure:7463: WARNING: zlib.h: proceeding with the compiler's result
configure:7490: checking for zlib.h
configure:7497: result: yes
configure:7545: checking built-in PNG library
configure:7559: result: yes
configure:7751: checking using built-in UNGIF library
configure:7765: result: yes
configure:8790: checking libAfterBase
configure:8826: result: disabled
configure:8837: checking for dirent.h that defines DIR
configure:8861: /Applications/Xcode.app/Contents/Developer/Toolchains/XcodeDefault.xctoolchain/usr/bin/cc -c -O3 -DNO_DEBUG_OUTPUT -DHAVE_FREETYPE_FREETYPE -isysroot /Applications/Xcode.app/Contents/Developer/Platforms/MacOSX.platform/Developer/SDKs/MacOSX14.2.sdk -fPIC  conftest.c >&5
configure:8867: $? = 0
configure:8870: test -z 			 || test ! -s conftest.err
configure:8873: $? = 0
configure:8876: test -s conftest.o
configure:8879: $? = 0
configure:8890: result: yes
configure:8903: checking for library containing opendir
configure:8933: /Applications/Xcode.app/Contents/Developer/Toolchains/XcodeDefault.xctoolchain/usr/bin/cc -o conftest -O3 -DNO_DEBUG_OUTPUT -DHAVE_FREETYPE_FREETYPE -isysroot /Applications/Xcode.app/Contents/Developer/Platforms/MacOSX.platform/Developer/SDKs/MacOSX14.2.sdk -fPIC   conftest.c  >&5
configure:8939: $? = 0
configure:8942: test -z 			 || test ! -s conftest.err
configure:8945: $? = 0
configure:8948: test -s conftest
configure:8951: $? = 0
configure:9020: result: none required
configure:9168: checking sys/dirent.h usability
configure:9180: /Applications/Xcode.app/Contents/Developer/Toolchains/XcodeDefault.xctoolchain/usr/bin/cc -c -O3 -DNO_DEBUG_OUTPUT -DHAVE_FREETYPE_FREETYPE -isysroot /Applications/Xcode.app/Contents/Developer/Platforms/MacOSX.platform/Developer/SDKs/MacOSX14.2.sdk -fPIC  conftest.c >&5
configure:9186: $? = 0
configure:9189: test -z 			 || test ! -s conftest.err
configure:9192: $? = 0
configure:9195: test -s conftest.o
configure:9198: $? = 0
configure:9208: result: yes
configure:9212: checking sys/dirent.h presence
configure:9222: /Applications/Xcode.app/Contents/Developer/Toolchains/XcodeDefault.xctoolchain/usr/bin/cc -E  conftest.c
conftest.c:39:10: fatal error: 'sys/dirent.h' file not found
#include <sys/dirent.h>
         ^~~~~~~~~~~~~~
1 error generated.
configure:9228: $? = 1
configure: failed program was:
| /* confdefs.h.  */
| 
| #define PACKAGE_NAME "libAfterImage"
| #define PACKAGE_TARNAME "libAfterImage.tar"
| #define PACKAGE_VERSION "1.20"
| #define PACKAGE_STRING "libAfterImage 1.20"
| #define PACKAGE_BUGREPORT "as-bugs@afterstep.org"
| #define X_DISPLAY_MISSING 1
| #define HAVE_SYS_TYPES_H 1
| #define HAVE_SYS_STAT_H 1
| #define HAVE_STDLIB_H 1
| #define HAVE_STRING_H 1
| #define HAVE_MEMORY_H 1
| #define HAVE_STRINGS_H 1
| #define HAVE_INTTYPES_H 1
| #define HAVE_STDINT_H 1
| #define HAVE_UNISTD_H 1
| #define HAVE_LONG_LONG 1
| #define TIME_WITH_SYS_TIME 1
| #define HAVE_SYS_WAIT_H 1
| #define HAVE_SYS_TIME_H 1
| #define HAVE_STDLIB_H 1
| #define HAVE_UNISTD_H 1
| #define HAVE_STDDEF_H 1
| #define HAVE_STDARG_H 1
| #define HAVE_ERRNO_H 1
| #define HAVE_XPM 1
| #define HAVE_JPEG 1
| #define HAVE_BUILTIN_JPEG 1
| #define HAVE_PROTOTYPES 1
| #define HAVE_ZLIB_H 1
| #define HAVE_PNG 1
| #define HAVE_BUILTIN_PNG 1
| #define HAVE_GIF 1
| #define HAVE_BUILTIN_UNGIF 1
| #define HAVE_FREETYPE 1
| #define HAVE_DIRENT_H 1
| /* end confdefs.h.  */
| #include <sys/dirent.h>
configure:9248: result: no
configure:9254: WARNING: sys/dirent.h: accepted by the compiler, rejected by the preprocessor!
configure:9256: WARNING: sys/dirent.h: proceeding with the compiler's result
configure:9283: checking for sys/dirent.h
configure:9290: result: yes
configure:9491: creating ./config.status

## ---------------------- ##
## Running config.status. ##
## ---------------------- ##

This file was extended by libAfterImage config.status 1.20, which was
generated by GNU Autoconf 2.59.  Invocation command line was

  CONFIG_FILES    = 
  CONFIG_HEADERS  = 
  CONFIG_LINKS    = 
  CONFIG_COMMANDS = 
  $ ./config.status 

on abhigyans-air.guest.uc.edu

config.status:765: creating Makefile
config.status:765: creating afterbase.h
config.status:765: creating afterimage-libs
config.status:765: creating afterimage-config
config.status:831: creating config.h

## ---------------- ##
## Cache variables. ##
## ---------------- ##

ac_cv_build=arm-apple-darwin22.6.0
ac_cv_build_alias=arm-apple-darwin22.6.0
ac_cv_c_bigendian=no
ac_cv_c_char_unsigned=no
ac_cv_c_compiler_gnu=yes
ac_cv_c_const=yes
ac_cv_c_inline=inline
ac_cv_env_CC_set=set
ac_cv_env_CC_value=/Applications/Xcode.app/Contents/Developer/Toolchains/XcodeDefault.xctoolchain/usr/bin/cc
ac_cv_env_CFLAGS_set=set
ac_cv_env_CFLAGS_value=' -DHAVE_FREETYPE_FREETYPE -isysroot /Applications/Xcode.app/Contents/Developer/Platforms/MacOSX.platform/Developer/SDKs/MacOSX14.2.sdk'
ac_cv_env_CPPFLAGS_set=
ac_cv_env_CPPFLAGS_value=
ac_cv_env_CPP_set=
ac_cv_env_CPP_value=
ac_cv_env_LDFLAGS_set=
ac_cv_env_LDFLAGS_value=
ac_cv_env_PKG_CONFIG_set=
ac_cv_env_PKG_CONFIG_value=
ac_cv_env_SVG_CFLAGS_set=
ac_cv_env_SVG_CFLAGS_value=
ac_cv_env_SVG_LIBS_set=
ac_cv_env_SVG_LIBS_value=
ac_cv_env_build_alias_set=
ac_cv_env_build_alias_value=
ac_cv_env_host_alias_set=
ac_cv_env_host_alias_value=
ac_cv_env_target_alias_set=
ac_cv_env_target_alias_value=
ac_cv_exeext=
ac_cv_header_dirent_dirent_h=yes
ac_cv_header_errno_h=yes
ac_cv_header_inttypes_h=yes
ac_cv_header_malloc_h=no
ac_cv_header_memory_h=yes
ac_cv_header_stdarg_h=yes
ac_cv_header_stdc=no
ac_cv_header_stddef_h=yes
ac_cv_header_stdint_h=yes
ac_cv_header_stdlib_h=yes
ac_cv_header_string_h=yes
ac_cv_header_strings_h=yes
ac_cv_header_sys_dirent_h=yes
ac_cv_header_sys_stat_h=yes
ac_cv_header_sys_time_h=yes
ac_cv_header_sys_types_h=yes
ac_cv_header_sys_wait_h=yes
ac_cv_header_time=yes
ac_cv_header_unistd_h=yes
ac_cv_header_zlib_h=yes
ac_cv_host=arm-apple-darwin22.6.0
ac_cv_host_alias=arm-apple-darwin22.6.0
ac_cv_lib_Xext_XShapeCombineMask=no
ac_cv_objext=o
ac_cv_path_CP=/bin/cp
ac_cv_path_FIND=/usr/bin/find
ac_cv_path_LDCONFIG=ldconfig
ac_cv_path_MKDIR=/bin/mkdir
ac_cv_path_MV=/bin/mv
ac_cv_path_PERL=/usr/bin/perl
ac_cv_path_RM=/bin/rm
ac_cv_path_XARGS=/usr/bin/xargs
ac_cv_path_install='/usr/bin/install -c'
ac_cv_prog_CPP='/Applications/Xcode.app/Contents/Developer/Toolchains/XcodeDefault.xctoolchain/usr/bin/cc -E'
ac_cv_prog_ac_ct_CC=/Applications/Xcode.app/Contents/Developer/Toolchains/XcodeDefault.xctoolchain/usr/bin/cc
ac_cv_prog_ac_ct_RANLIB=ranlib
ac_cv_prog_cc_g=yes
ac_cv_prog_cc_stdc=
ac_cv_prog_egrep='grep -E'
ac_cv_search_opendir='none required'
ac_cv_target=arm-apple-darwin22.6.0
ac_cv_target_alias=arm-apple-darwin22.6.0
ac_cv_type_long_long=yes
ac_cv_type_unsigned_char=yes
ac_cv_type_unsigned_short=yes

## ----------------- ##
## Output variables. ##
## ----------------- ##

AFTERBASE_C='afterbase.o'
AFTERBASE_INCS_PATH=''
AFTERIMAGE_APPS_LIBS='-L../ -lAfterImage  -lz -lm'
AFTERIMAGE_LIBS='-L/Users/abhiacherjee/Documents/rootbench/root/lib -lAfterImage  -lz -lm'
AFTERIMAGE_LIBS_EXTERNAL=' -lz -lm'
AFTERIMAGE_LIB_LIBS='-L./  -lz -lm'
AFTERIMAGE_TEST_LIBS='-L./ -lAfterImage  -lz -lm'
APPSDEPS=''
CC='/Applications/Xcode.app/Contents/Developer/Toolchains/XcodeDefault.xctoolchain/usr/bin/cc'
CFLAGS='-O3 -DNO_DEBUG_OUTPUT -DHAVE_FREETYPE_FREETYPE -isysroot /Applications/Xcode.app/Contents/Developer/Platforms/MacOSX.platform/Developer/SDKs/MacOSX14.2.sdk -fPIC'
CP='/bin/cp'
CPP='/Applications/Xcode.app/Contents/Developer/Toolchains/XcodeDefault.xctoolchain/usr/bin/cc -E'
CPPFLAGS=''
DEFINE_XLOCALE=''
DEFS='-DHAVE_CONFIG_H'
ECHO_C='ECHO_N=''
ECHO_T=''
EGREP='grep -E'
EXEEXT=''
FIND='/usr/bin/find'
GIF_CFLAGS=''
HAVE_AFTERBASE_FLAG='0'
INSTALL='/usr/bin/install -c'
INSTALL_DATA='${INSTALL} -m 644'
INSTALL_LIB=''
INSTALL_PROGRAM='${INSTALL}'
INSTALL_SCRIPT='${INSTALL}'
JPEG_CFLAGS=''
JPEG_OBJS='$(LIBJPEG_OBJS)'
LDCONFIG='ldconfig'
LDFLAGS=''
LEX=''
LEXLIB=''
LIBINSTALL='install.static'
LIBOBJS=''
LIBPROG='$(LIB_STATIC)'
LIBS=''
LN_S='ln -s'
LTLIBOBJS=''
MKDIR='/bin/mkdir'
MMX_CFLAGS=''
MV='/bin/mv'
OBJEXT='o'
PACKAGE_BUGREPORT='as-bugs@afterstep.org'
PACKAGE_NAME='libAfterImage'
PACKAGE_STRING='libAfterImage 1.20'
PACKAGE_TARNAME='libAfterImage.tar'
PACKAGE_VERSION='1.20'
PATH_SEPARATOR=':'
PERL='/usr/bin/perl'
PKG_CONFIG=''
PNG_CFLAGS=''
PNG_OBJS='$(LIBPNG_OBJS)'
RANLIB='ranlib'
RM='/bin/rm'
SHELL='/bin/sh'
SVG_CFLAGS=''
SVG_LIBS=''
TIFF_CFLAGS=''
TTF_INCLUDES='-I/Users/abhiacherjee/Documents/rootbench/root/FREETYPE-prefix/src/FREETYPE/include'
UNGIF_OBJS='$(LIBUNGIF_OBJS)'
USE_DEFAULT_AFTERBASE='0'
XARGS='/usr/bin/xargs'
XPM_CFLAGS=''
X_CFLAGS=''
X_EXTRA_LIBS=''
X_LIBS=''
X_PRE_LIBS=''
YACC=''
ZLIB_OBJS=''
ac_ct_CC='/Applications/Xcode.app/Contents/Developer/Toolchains/XcodeDefault.xctoolchain/usr/bin/cc'
ac_ct_RANLIB='ranlib'
ac_pt_PKG_CONFIG=''
afterimage_x_support='yes'
bindir='${exec_prefix}/bin'
build='arm-apple-darwin22.6.0'
build_alias=''
build_cpu='arm'
build_os='darwin22.6.0'
build_vendor='apple'
datadir='${prefix}/share'
exec_prefix='/Users/abhiacherjee/Documents/rootbench/root'
have_afterbase=''
host='arm-apple-darwin22.6.0'
host_alias=''
host_cpu='arm'
host_os='darwin22.6.0'
host_vendor='apple'
image_format='png'
includedir='/Users/abhiacherjee/Documents/rootbench/root/include'
infodir='${prefix}/info'
lib_file_name='libAfterImage'
lib_name='LIBAFTERIMAGE'
libdir='/Users/abhiacherjee/Documents/rootbench/root/lib'
libexecdir='${exec_prefix}/libexec'
localstatedir='${prefix}/var'
mandir='/Users/abhiacherjee/Documents/rootbench/root/man'
oldincludedir='/usr/include'
prefix='/Users/abhiacherjee/Documents/rootbench/root'
program_transform_name='s,x,x,'
sbindir='${exec_prefix}/sbin'
sharedstatedir='${prefix}/com'
sysconfdir='${prefix}/etc'
target='arm-apple-darwin22.6.0'
target_alias=''
target_cpu='arm'
target_os='darwin22.6.0'
target_vendor='apple'
user_ldflags=''
version='1.20'
version_major='1'
with_locale=''
x_libs=''

## ------------- ##
## Output files. ##
## ------------- ##

LIBAFTERIMAGEFILES='.shared'

## ----------- ##
## confdefs.h. ##
## ----------- ##

#define HAVE_BUILTIN_JPEG 1
#define HAVE_BUILTIN_PNG 1
#define HAVE_BUILTIN_UNGIF 1
#define HAVE_DIRENT_H 1
#define HAVE_ERRNO_H 1
#define HAVE_FREETYPE 1
#define HAVE_GIF 1
#define HAVE_INTTYPES_H 1
#define HAVE_JPEG 1
#define HAVE_LONG_LONG 1
#define HAVE_MEMORY_H 1
#define HAVE_PNG 1
#define HAVE_PROTOTYPES 1
#define HAVE_STDARG_H 1
#define HAVE_STDDEF_H 1
#define HAVE_STDINT_H 1
#define HAVE_STDLIB_H 1
#define HAVE_STDLIB_H 1
#define HAVE_STRINGS_H 1
#define HAVE_STRING_H 1
#define HAVE_SYS_DIRENT_H 1
#define HAVE_SYS_STAT_H 1
#define HAVE_SYS_TIME_H 1
#define HAVE_SYS_TYPES_H 1
#define HAVE_SYS_WAIT_H 1
#define HAVE_UNISTD_H 1
#define HAVE_UNISTD_H 1
#define HAVE_XPM 1
#define HAVE_ZLIB_H 1
#define PACKAGE_BUGREPORT "as-bugs@afterstep.org"
#define PACKAGE_NAME "libAfterImage"
#define PACKAGE_STRING "libAfterImage 1.20"
#define PACKAGE_TARNAME "libAfterImage.tar"
#define PACKAGE_VERSION "1.20"
#define TIME_WITH_SYS_TIME 1
#define X_DISPLAY_MISSING 1

configure: exit 0
